<?xml version="1.0" encoding="UTF-8"?>
<!-- Generated by org.testng.reporters.JUnitReportReporter -->
<testsuite hostname="LAPTOP-GSAAFOHU" failures="0" tests="4" name="api.test.UserTest" time="9.239" errors="0" timestamp="2024-03-05T23:27:37 IST" skipped="0">
  <testcase classname="api.test.UserTest" name="testPostUser" time="3.244"/>
  <testcase classname="api.test.UserTest" name="testGetUser" time="1.569"/>
  <testcase classname="api.test.UserTest" name="testUpdateUserByName" time="2.943"/>
  <testcase classname="api.test.UserTest" name="testDeleteUserByName" time="1.483"/>
</testsuite> <!-- api.test.UserTest -->
